<?xml version="1.0" encoding="UTF-8"?>
<!-- Generated by org.testng.reporters.JUnitXMLReporter -->
<testsuite hostname="DESKTOP-DS58S1Q" ignored="2" name="Test" tests="2" failures="1" timestamp="10 Oct 2023 17:54:09 GMT" time="0.025" errors="0">
  <testcase name="dash" time="0.006" classname="Advsel.DemoTest"/>
  <testcase name="login1" time="0.002" classname="Advsel.DemoTest">
    <failure type="java.lang.AssertionError" message="expected [true] but found [false]">
      <![CDATA[java.lang.AssertionError: expected [true] but found [false]at Advsel.DemoTest.login1(DemoTest.java:8)... Removed 29 stack frames]]>
    </failure>
  </testcase> <!-- login1 -->
  <testcase name="login2" time="0.0" classname="Advsel.DemoTest">
    <ignored/>
  </testcase> <!-- login2 -->
  <testcase name="user" time="0.0" classname="Advsel.DemoTest">
    <ignored/>
  </testcase> <!-- user -->
</testsuite> <!-- Test -->
